<?xml version="1.0" encoding="UTF-8"?>
<!-- Generated by org.testng.reporters.JUnitReportReporter -->
<testsuite hostname="Vishnuvardhan" failures="0" tests="5" name="TestCases.TC_003_LoginDataDrivenTest" time="82.529" errors="0" timestamp="2023-12-13T13:24:08 IST" skipped="0">
  <testcase classname="TestCases.TC_003_LoginDataDrivenTest" name="test_LoginDDT" time="11.273"/>
  <testcase classname="TestCases.TC_003_LoginDataDrivenTest" name="test_LoginDDT" time="20.839"/>
  <testcase classname="TestCases.TC_003_LoginDataDrivenTest" name="test_LoginDDT" time="36.657"/>
  <testcase classname="TestCases.TC_003_LoginDataDrivenTest" name="test_LoginDDT" time="2.286"/>
  <testcase classname="TestCases.TC_003_LoginDataDrivenTest" name="test_LoginDDT" time="11.474"/>
</testsuite> <!-- TestCases.TC_003_LoginDataDrivenTest -->
