<?xml version="1.0" encoding="UTF-8"?>
<!-- Generated by org.testng.reporters.JUnitReportReporter -->
<testsuite hostname="Vishnuvardhan" failures="0" tests="1" name="TestCases.TC_002_LoginTest" time="1.232" errors="0" timestamp="2023-12-13T18:03:09 IST" skipped="0">
  <testcase classname="TestCases.TC_002_LoginTest" name="test_Login" time="1.232"/>
</testsuite> <!-- TestCases.TC_002_LoginTest -->
