<?xml version="1.0" encoding="UTF-8"?>
<!-- Generated by org.testng.reporters.JUnitReportReporter -->
<testsuite hostname="Vishnuvardhan" failures="0" tests="1" name="TestCases.TC_001_AccountRegistrationTest" time="2.328" errors="0" timestamp="2023-12-13T20:39:22 IST" skipped="0">
  <testcase classname="TestCases.TC_001_AccountRegistrationTest" name="test_account_Registration" time="2.328"/>
</testsuite> <!-- TestCases.TC_001_AccountRegistrationTest -->
